0 info it worked if it ends with ok
1 verbose cli [ 'C:\\Program Files\\nodejs\\node.exe',
1 verbose cli   'C:\\Program Files\\nodejs\\node_modules\\npm\\bin\\npm-cli.js',
1 verbose cli   'config',
1 verbose cli   'get',
1 verbose cli   'prefix' ]
2 info using npm@1.4.28
3 info using node@v0.10.36
4 error Error: ENOENT, stat 'C:\Users\Rafal\AppData\Roaming\npm'
5 error If you need help, you may report this *entire* log,
5 error including the npm and node versions, at:
5 error     <http://github.com/npm/npm/issues>
6 error System Windows_NT 6.2.9200
7 error command "C:\\Program Files\\nodejs\\node.exe" "C:\\Program Files\\nodejs\\node_modules\\npm\\bin\\npm-cli.js" "config" "get" "prefix"
8 error cwd C:\xampp\htdocs\projektRachunkowosc\JS
9 error node -v v0.10.36
10 error npm -v 1.4.28
11 error path C:\Users\Rafal\AppData\Roaming\npm
12 error code ENOENT
13 error errno 34
14 verbose exit [ 34, true ]
